2019-08-21 11:03:24 [POST][http://localhost:89/order/ajax-update-order][::1][100178][-][trace][yii\base\Module::getModule] Loading module: wizard
2019-08-21 11:03:24 [POST][http://localhost:89/order/ajax-update-order][::1][100178][-][trace][yii\base\Application::bootstrap] Bootstrap with common\modules\wizard\Module::bootstrap()
2019-08-21 11:03:24 [POST][http://localhost:89/order/ajax-update-order][::1][100178][-][trace][yii\base\Application::bootstrap] Bootstrap with yii\log\Dispatcher
2019-08-21 11:03:24 [POST][http://localhost:89/order/ajax-update-order][::1][100178][-][trace][yii\web\UrlManager::parseRequest] No matching URL rules. Using default URL parsing logic.
2019-08-21 11:03:24 [POST][http://localhost:89/order/ajax-update-order][::1][100178][-][trace][yii\web\Application::handleRequest] Route requested: 'order/ajax-update-order'
2019-08-21 11:03:24 [POST][http://localhost:89/order/ajax-update-order][::1][100178][-][trace][yii\base\Controller::runAction] Route to run: order/ajax-update-order
2019-08-21 11:03:24 [POST][http://localhost:89/order/ajax-update-order][::1][100178][-][trace][yii\base\InlineAction::runWithParams] Running action: home\controllers\OrderController::actionAjaxUpdateOrder()
2019-08-21 11:03:24 [POST][http://localhost:89/order/ajax-update-order][::1][100178][-][info][yii\web\Session::open] Session started
    in C:\code\xinghaocaifu\common\components\Session.php:59
    in C:\code\xinghaocaifu\common\functions\Yii_func.php:16
    in C:\code\xinghaocaifu\home\controllers\OrderController.php:64
2019-08-21 11:03:24 [POST][http://localhost:89/order/ajax-update-order][::1][100178][-][info][yii\db\Command::query] SHOW FULL COLUMNS FROM `user`
    in C:\code\xinghaocaifu\common\components\Identity.php:84
    in C:\code\xinghaocaifu\common\functions\Yii_func.php:16
    in C:\code\xinghaocaifu\home\controllers\OrderController.php:64
2019-08-21 11:03:24 [POST][http://localhost:89/order/ajax-update-order][::1][100178][-][info][yii\db\Connection::open] Opening DB connection: mysql:host=localhost;dbname=xinghao
    in C:\code\xinghaocaifu\common\components\Identity.php:84
    in C:\code\xinghaocaifu\common\functions\Yii_func.php:16
    in C:\code\xinghaocaifu\home\controllers\OrderController.php:64
2019-08-21 11:03:24 [POST][http://localhost:89/order/ajax-update-order][::1][100178][-][info][yii\db\Command::query] SELECT
    kcu.constraint_name,
    kcu.column_name,
    kcu.referenced_table_name,
    kcu.referenced_column_name
FROM information_schema.referential_constraints AS rc
JOIN information_schema.key_column_usage AS kcu ON
    (
        kcu.constraint_catalog = rc.constraint_catalog OR
        (kcu.constraint_catalog IS NULL AND rc.constraint_catalog IS NULL)
    ) AND
    kcu.constraint_schema = rc.constraint_schema AND
    kcu.constraint_name = rc.constraint_name
WHERE rc.constraint_schema = database() AND kcu.table_schema = database()
AND rc.table_name = 'user' AND kcu.table_name = 'user'
    in C:\code\xinghaocaifu\common\components\Identity.php:84
    in C:\code\xinghaocaifu\common\functions\Yii_func.php:16
    in C:\code\xinghaocaifu\home\controllers\OrderController.php:64
2019-08-21 11:03:24 [POST][http://localhost:89/order/ajax-update-order][::1][100178][-][info][yii\db\Command::query] SELECT * FROM `user` WHERE `id`=100178
    in C:\code\xinghaocaifu\common\components\Identity.php:84
    in C:\code\xinghaocaifu\common\functions\Yii_func.php:16
    in C:\code\xinghaocaifu\home\controllers\OrderController.php:64
2019-08-21 11:03:24 [POST][http://localhost:89/order/ajax-update-order][::1][100178][-][info][yii\db\Command::query] SELECT * FROM `order` `order` WHERE (`order_state`=1) AND (`user_id`=100178)
    in C:\code\xinghaocaifu\home\controllers\OrderController.php:65
2019-08-21 11:03:24 [GET][http://localhost:89/site/get-fn?symbol=NECLV0][::1][-][-][trace][yii\base\Module::getModule] Loading module: wizard
2019-08-21 11:03:24 [GET][http://localhost:89/site/get-fn?symbol=NECLV0][::1][-][-][trace][yii\base\Application::bootstrap] Bootstrap with common\modules\wizard\Module::bootstrap()
2019-08-21 11:03:24 [GET][http://localhost:89/site/get-fn?symbol=NECLV0][::1][-][-][trace][yii\base\Application::bootstrap] Bootstrap with yii\log\Dispatcher
2019-08-21 11:03:24 [GET][http://localhost:89/site/get-fn?symbol=NECLV0][::1][-][-][trace][yii\web\UrlManager::parseRequest] No matching URL rules. Using default URL parsing logic.
2019-08-21 11:03:24 [GET][http://localhost:89/site/get-fn?symbol=NECLV0][::1][-][-][trace][yii\web\Application::handleRequest] Route requested: 'site/get-fn'
2019-08-21 11:03:24 [GET][http://localhost:89/site/get-fn?symbol=NECLV0][::1][-][-][trace][yii\base\Controller::runAction] Route to run: site/get-fn
2019-08-21 11:03:24 [GET][http://localhost:89/site/get-fn?symbol=NECLV0][::1][-][-][trace][yii\base\InlineAction::runWithParams] Running action: home\controllers\SiteController::actionGetFn()
2019-08-21 11:03:24 [GET][http://localhost:89/site/get-fn?symbol=NECLV0][::1][-][-][info][yii\db\Connection::open] Opening DB connection: mysql:host=localhost;dbname=xinghao
    in C:\code\xinghaocaifu\home\controllers\SiteController.php:81
2019-08-21 11:03:25 [GET][http://localhost:89/site/get-fn?symbol=NECLV0][::1][-][-][info][yii\db\Command::query] SELECT * FROM `data_all` `dataAll` WHERE `symbol`='NECLV0'
    in C:\code\xinghaocaifu\home\controllers\SiteController.php:81
2019-08-21 11:03:25 [GET][http://localhost:89/order/positions?product_id=1&model_type=1][::1][100178][-][trace][yii\base\Module::getModule] Loading module: wizard
2019-08-21 11:03:25 [GET][http://localhost:89/order/positions?product_id=1&model_type=1][::1][100178][-][trace][yii\base\Application::bootstrap] Bootstrap with common\modules\wizard\Module::bootstrap()
2019-08-21 11:03:25 [GET][http://localhost:89/order/positions?product_id=1&model_type=1][::1][100178][-][trace][yii\base\Application::bootstrap] Bootstrap with yii\log\Dispatcher
2019-08-21 11:03:25 [GET][http://localhost:89/order/positions?product_id=1&model_type=1][::1][100178][-][trace][yii\web\UrlManager::parseRequest] No matching URL rules. Using default URL parsing logic.
2019-08-21 11:03:25 [GET][http://localhost:89/order/positions?product_id=1&model_type=1][::1][100178][-][trace][yii\web\Application::handleRequest] Route requested: 'order/positions'
2019-08-21 11:03:25 [GET][http://localhost:89/order/positions?product_id=1&model_type=1][::1][100178][-][trace][yii\base\Controller::runAction] Route to run: order/positions
2019-08-21 11:03:25 [GET][http://localhost:89/order/positions?product_id=1&model_type=1][::1][100178][-][trace][yii\base\InlineAction::runWithParams] Running action: home\controllers\OrderController::actionPositions()
2019-08-21 11:03:25 [GET][http://localhost:89/order/positions?product_id=1&model_type=1][::1][100178][-][info][yii\web\Session::open] Session started
    in C:\code\xinghaocaifu\common\components\Session.php:59
    in C:\code\xinghaocaifu\common\functions\Yii_func.php:16
    in C:\code\xinghaocaifu\home\controllers\OrderController.php:786
2019-08-21 11:03:25 [GET][http://localhost:89/order/positions?product_id=1&model_type=1][::1][100178][-][info][yii\db\Command::query] SHOW FULL COLUMNS FROM `user`
    in C:\code\xinghaocaifu\common\components\Identity.php:84
    in C:\code\xinghaocaifu\common\functions\Yii_func.php:16
    in C:\code\xinghaocaifu\home\controllers\OrderController.php:786
2019-08-21 11:03:25 [GET][http://localhost:89/order/positions?product_id=1&model_type=1][::1][100178][-][info][yii\db\Connection::open] Opening DB connection: mysql:host=localhost;dbname=xinghao
    in C:\code\xinghaocaifu\common\components\Identity.php:84
    in C:\code\xinghaocaifu\common\functions\Yii_func.php:16
    in C:\code\xinghaocaifu\home\controllers\OrderController.php:786
2019-08-21 11:03:26 [GET][http://localhost:89/order/positions?product_id=1&model_type=1][::1][100178][-][info][yii\db\Command::query] SELECT
    kcu.constraint_name,
    kcu.column_name,
    kcu.referenced_table_name,
    kcu.referenced_column_name
FROM information_schema.referential_constraints AS rc
JOIN information_schema.key_column_usage AS kcu ON
    (
        kcu.constraint_catalog = rc.constraint_catalog OR
        (kcu.constraint_catalog IS NULL AND rc.constraint_catalog IS NULL)
    ) AND
    kcu.constraint_schema = rc.constraint_schema AND
    kcu.constraint_name = rc.constraint_name
WHERE rc.constraint_schema = database() AND kcu.table_schema = database()
AND rc.table_name = 'user' AND kcu.table_name = 'user'
    in C:\code\xinghaocaifu\common\components\Identity.php:84
    in C:\code\xinghaocaifu\common\functions\Yii_func.php:16
    in C:\code\xinghaocaifu\home\controllers\OrderController.php:786
2019-08-21 11:03:26 [GET][http://localhost:89/order/positions?product_id=1&model_type=1][::1][100178][-][info][yii\db\Command::query] SELECT * FROM `user` WHERE `id`=100178
    in C:\code\xinghaocaifu\common\components\Identity.php:84
    in C:\code\xinghaocaifu\common\functions\Yii_func.php:16
    in C:\code\xinghaocaifu\home\controllers\OrderController.php:786
2019-08-21 11:03:26 [GET][http://localhost:89/order/positions?product_id=1&model_type=1][::1][100178][-][info][yii\db\Command::query] select count(o.id) as count,a.symbol from `order` o INNER JOIN product p on p.id = o.product_id 
             INNER JOIN data_all a on a.name = p.table_name where o.user_id =100178 and o.order_state = 1 and o.model_type = 1 group by a.symbol
    in C:\code\xinghaocaifu\home\controllers\OrderController.php:788
2019-08-21 11:03:26 [GET][http://localhost:89/order/positions?product_id=1&model_type=1][::1][100178][-][info][yii\db\Command::query] select id from `order` where user_id=100178 and order_state=1 and product_id=1 and model_type = 1
    in C:\code\xinghaocaifu\home\controllers\OrderController.php:793
2019-08-21 11:03:25 [GET][http://localhost:89/site/get-data?symbol=NECLV0][::1][100178][-][trace][yii\base\Module::getModule] Loading module: wizard
2019-08-21 11:03:25 [GET][http://localhost:89/site/get-data?symbol=NECLV0][::1][100178][-][trace][yii\base\Application::bootstrap] Bootstrap with common\modules\wizard\Module::bootstrap()
2019-08-21 11:03:25 [GET][http://localhost:89/site/get-data?symbol=NECLV0][::1][100178][-][trace][yii\base\Application::bootstrap] Bootstrap with yii\log\Dispatcher
2019-08-21 11:03:25 [GET][http://localhost:89/site/get-data?symbol=NECLV0][::1][100178][-][trace][yii\web\UrlManager::parseRequest] No matching URL rules. Using default URL parsing logic.
2019-08-21 11:03:25 [GET][http://localhost:89/site/get-data?symbol=NECLV0][::1][100178][-][trace][yii\web\Application::handleRequest] Route requested: 'site/get-data'
2019-08-21 11:03:25 [GET][http://localhost:89/site/get-data?symbol=NECLV0][::1][100178][-][trace][yii\base\Controller::runAction] Route to run: site/get-data
2019-08-21 11:03:25 [GET][http://localhost:89/site/get-data?symbol=NECLV0][::1][100178][-][trace][yii\base\InlineAction::runWithParams] Running action: home\controllers\SiteController::actionGetData()
2019-08-21 11:03:25 [GET][http://localhost:89/site/get-data?symbol=NECLV0][::1][100178][-][info][yii\db\Connection::open] Opening DB connection: mysql:host=localhost;dbname=xinghao
    in C:\code\xinghaocaifu\home\controllers\SiteController.php:183
2019-08-21 11:03:26 [GET][http://localhost:89/site/get-data?symbol=NECLV0][::1][100178][-][info][yii\db\Command::query] SELECT * FROM `product` `product` WHERE `identify`='NECLV0'
    in C:\code\xinghaocaifu\home\controllers\SiteController.php:183
2019-08-21 11:03:26 [GET][http://localhost:89/site/get-data?symbol=NECLV0][::1][100178][-][info][yii\web\Session::open] Session started
    in C:\code\xinghaocaifu\common\components\Session.php:59
    in C:\code\xinghaocaifu\common\functions\Yii_func.php:14
    in C:\code\xinghaocaifu\common\behaviors\ARSaveBehavior.php:47
2019-08-21 11:03:26 [GET][http://localhost:89/site/get-data?symbol=NECLV0][::1][100178][-][info][yii\db\Command::query] SHOW FULL COLUMNS FROM `user`
    in C:\code\xinghaocaifu\common\components\Identity.php:84
    in C:\code\xinghaocaifu\common\functions\Yii_func.php:14
    in C:\code\xinghaocaifu\common\behaviors\ARSaveBehavior.php:47
2019-08-21 11:03:26 [GET][http://localhost:89/site/get-data?symbol=NECLV0][::1][100178][-][info][yii\db\Command::query] SELECT
    kcu.constraint_name,
    kcu.column_name,
    kcu.referenced_table_name,
    kcu.referenced_column_name
FROM information_schema.referential_constraints AS rc
JOIN information_schema.key_column_usage AS kcu ON
    (
        kcu.constraint_catalog = rc.constraint_catalog OR
        (kcu.constraint_catalog IS NULL AND rc.constraint_catalog IS NULL)
    ) AND
    kcu.constraint_schema = rc.constraint_schema AND
    kcu.constraint_name = rc.constraint_name
WHERE rc.constraint_schema = database() AND kcu.table_schema = database()
AND rc.table_name = 'user' AND kcu.table_name = 'user'
    in C:\code\xinghaocaifu\common\components\Identity.php:84
    in C:\code\xinghaocaifu\common\functions\Yii_func.php:14
    in C:\code\xinghaocaifu\common\behaviors\ARSaveBehavior.php:47
2019-08-21 11:03:26 [GET][http://localhost:89/site/get-data?symbol=NECLV0][::1][100178][-][info][yii\db\Command::query] SELECT * FROM `user` WHERE `id`=100178
    in C:\code\xinghaocaifu\common\components\Identity.php:84
    in C:\code\xinghaocaifu\common\functions\Yii_func.php:14
    in C:\code\xinghaocaifu\common\behaviors\ARSaveBehavior.php:47
2019-08-21 11:03:26 [GET][http://localhost:89/site/get-data?symbol=NECLV0][::1][100178][-][info][yii\db\Command::query] SHOW FULL COLUMNS FROM `product`
    in C:\code\xinghaocaifu\home\controllers\SiteController.php:183
2019-08-21 11:03:26 [GET][http://localhost:89/site/get-data?symbol=NECLV0][::1][100178][-][info][yii\db\Command::query] SELECT
    kcu.constraint_name,
    kcu.column_name,
    kcu.referenced_table_name,
    kcu.referenced_column_name
FROM information_schema.referential_constraints AS rc
JOIN information_schema.key_column_usage AS kcu ON
    (
        kcu.constraint_catalog = rc.constraint_catalog OR
        (kcu.constraint_catalog IS NULL AND rc.constraint_catalog IS NULL)
    ) AND
    kcu.constraint_schema = rc.constraint_schema AND
    kcu.constraint_name = rc.constraint_name
WHERE rc.constraint_schema = database() AND kcu.table_schema = database()
AND rc.table_name = 'product' AND kcu.table_name = 'product'
    in C:\code\xinghaocaifu\home\controllers\SiteController.php:183
2019-08-21 11:03:26 [GET][http://localhost:89/site/get-data?symbol=NECLV0][::1][100178][-][info][yii\db\Command::query] SELECT
            id,
            price,
            Low,
            High,
            Open,
            Volume,
            Amount,
            Close,
            time
        FROM
            data_cl
        ORDER BY
            id DESC
        LIMIT 300
    in C:\code\xinghaocaifu\home\controllers\SiteController.php:200
2019-08-21 11:03:26 [GET][http://localhost:89/site/get-data?symbol=NECLV0][::1][100178][-][info][yii\db\Command::query] SELECT
            time
        FROM
            data_cl
        ORDER BY
            id DESC
        LIMIT 1
    in C:\code\xinghaocaifu\home\controllers\SiteController.php:208
2019-08-21 11:03:26 [GET][http://localhost:89/site/get-fn?symbol=NECLV0][::1][-][-][trace][yii\base\Module::getModule] Loading module: wizard
2019-08-21 11:03:26 [GET][http://localhost:89/site/get-fn?symbol=NECLV0][::1][-][-][trace][yii\base\Application::bootstrap] Bootstrap with common\modules\wizard\Module::bootstrap()
2019-08-21 11:03:26 [GET][http://localhost:89/site/get-fn?symbol=NECLV0][::1][-][-][trace][yii\base\Application::bootstrap] Bootstrap with yii\log\Dispatcher
2019-08-21 11:03:26 [GET][http://localhost:89/site/get-fn?symbol=NECLV0][::1][-][-][trace][yii\web\UrlManager::parseRequest] No matching URL rules. Using default URL parsing logic.
2019-08-21 11:03:26 [GET][http://localhost:89/site/get-fn?symbol=NECLV0][::1][-][-][trace][yii\web\Application::handleRequest] Route requested: 'site/get-fn'
2019-08-21 11:03:26 [GET][http://localhost:89/site/get-fn?symbol=NECLV0][::1][-][-][trace][yii\base\Controller::runAction] Route to run: site/get-fn
2019-08-21 11:03:26 [GET][http://localhost:89/site/get-fn?symbol=NECLV0][::1][-][-][trace][yii\base\InlineAction::runWithParams] Running action: home\controllers\SiteController::actionGetFn()
2019-08-21 11:03:26 [GET][http://localhost:89/site/get-fn?symbol=NECLV0][::1][-][-][info][yii\db\Connection::open] Opening DB connection: mysql:host=localhost;dbname=xinghao
    in C:\code\xinghaocaifu\home\controllers\SiteController.php:81
2019-08-21 11:03:26 [GET][http://localhost:89/site/get-fn?symbol=NECLV0][::1][-][-][info][yii\db\Command::query] SELECT * FROM `data_all` `dataAll` WHERE `symbol`='NECLV0'
    in C:\code\xinghaocaifu\home\controllers\SiteController.php:81
2019-08-21 11:03:26 [POST][http://localhost:89/order/ajax-update-order][::1][100178][-][trace][yii\base\Module::getModule] Loading module: wizard
2019-08-21 11:03:26 [POST][http://localhost:89/order/ajax-update-order][::1][100178][-][trace][yii\base\Application::bootstrap] Bootstrap with common\modules\wizard\Module::bootstrap()
2019-08-21 11:03:26 [POST][http://localhost:89/order/ajax-update-order][::1][100178][-][trace][yii\base\Application::bootstrap] Bootstrap with yii\log\Dispatcher
2019-08-21 11:03:26 [POST][http://localhost:89/order/ajax-update-order][::1][100178][-][trace][yii\web\UrlManager::parseRequest] No matching URL rules. Using default URL parsing logic.
2019-08-21 11:03:26 [POST][http://localhost:89/order/ajax-update-order][::1][100178][-][trace][yii\web\Application::handleRequest] Route requested: 'order/ajax-update-order'
2019-08-21 11:03:26 [POST][http://localhost:89/order/ajax-update-order][::1][100178][-][trace][yii\base\Controller::runAction] Route to run: order/ajax-update-order
2019-08-21 11:03:26 [POST][http://localhost:89/order/ajax-update-order][::1][100178][-][trace][yii\base\InlineAction::runWithParams] Running action: home\controllers\OrderController::actionAjaxUpdateOrder()
2019-08-21 11:03:26 [POST][http://localhost:89/order/ajax-update-order][::1][100178][-][info][yii\web\Session::open] Session started
    in C:\code\xinghaocaifu\common\components\Session.php:59
    in C:\code\xinghaocaifu\common\functions\Yii_func.php:16
    in C:\code\xinghaocaifu\home\controllers\OrderController.php:64
2019-08-21 11:03:26 [POST][http://localhost:89/order/ajax-update-order][::1][100178][-][info][yii\db\Command::query] SHOW FULL COLUMNS FROM `user`
    in C:\code\xinghaocaifu\common\components\Identity.php:84
    in C:\code\xinghaocaifu\common\functions\Yii_func.php:16
    in C:\code\xinghaocaifu\home\controllers\OrderController.php:64
2019-08-21 11:03:26 [POST][http://localhost:89/order/ajax-update-order][::1][100178][-][info][yii\db\Connection::open] Opening DB connection: mysql:host=localhost;dbname=xinghao
    in C:\code\xinghaocaifu\common\components\Identity.php:84
    in C:\code\xinghaocaifu\common\functions\Yii_func.php:16
    in C:\code\xinghaocaifu\home\controllers\OrderController.php:64
2019-08-21 11:03:26 [POST][http://localhost:89/order/ajax-update-order][::1][100178][-][info][yii\db\Command::query] SELECT
    kcu.constraint_name,
    kcu.column_name,
    kcu.referenced_table_name,
    kcu.referenced_column_name
FROM information_schema.referential_constraints AS rc
JOIN information_schema.key_column_usage AS kcu ON
    (
        kcu.constraint_catalog = rc.constraint_catalog OR
        (kcu.constraint_catalog IS NULL AND rc.constraint_catalog IS NULL)
    ) AND
    kcu.constraint_schema = rc.constraint_schema AND
    kcu.constraint_name = rc.constraint_name
WHERE rc.constraint_schema = database() AND kcu.table_schema = database()
AND rc.table_name = 'user' AND kcu.table_name = 'user'
    in C:\code\xinghaocaifu\common\components\Identity.php:84
    in C:\code\xinghaocaifu\common\functions\Yii_func.php:16
    in C:\code\xinghaocaifu\home\controllers\OrderController.php:64
2019-08-21 11:03:26 [POST][http://localhost:89/order/ajax-update-order][::1][100178][-][info][yii\db\Command::query] SELECT * FROM `user` WHERE `id`=100178
    in C:\code\xinghaocaifu\common\components\Identity.php:84
    in C:\code\xinghaocaifu\common\functions\Yii_func.php:16
    in C:\code\xinghaocaifu\home\controllers\OrderController.php:64
2019-08-21 11:03:26 [POST][http://localhost:89/order/ajax-update-order][::1][100178][-][info][yii\db\Command::query] SELECT * FROM `order` `order` WHERE (`order_state`=1) AND (`user_id`=100178)
    in C:\code\xinghaocaifu\home\controllers\OrderController.php:65
2019-08-21 11:03:27 [GET][http://localhost:89/order/positions?product_id=1&model_type=1][::1][100178][-][trace][yii\base\Module::getModule] Loading module: wizard
2019-08-21 11:03:27 [GET][http://localhost:89/order/positions?product_id=1&model_type=1][::1][100178][-][trace][yii\base\Application::bootstrap] Bootstrap with common\modules\wizard\Module::bootstrap()
2019-08-21 11:03:27 [GET][http://localhost:89/order/positions?product_id=1&model_type=1][::1][100178][-][trace][yii\base\Application::bootstrap] Bootstrap with yii\log\Dispatcher
2019-08-21 11:03:27 [GET][http://localhost:89/order/positions?product_id=1&model_type=1][::1][100178][-][trace][yii\web\UrlManager::parseRequest] No matching URL rules. Using default URL parsing logic.
2019-08-21 11:03:27 [GET][http://localhost:89/order/positions?product_id=1&model_type=1][::1][100178][-][trace][yii\web\Application::handleRequest] Route requested: 'order/positions'
2019-08-21 11:03:27 [GET][http://localhost:89/order/positions?product_id=1&model_type=1][::1][100178][-][trace][yii\base\Controller::runAction] Route to run: order/positions
2019-08-21 11:03:27 [GET][http://localhost:89/order/positions?product_id=1&model_type=1][::1][100178][-][trace][yii\base\InlineAction::runWithParams] Running action: home\controllers\OrderController::actionPositions()
2019-08-21 11:03:27 [GET][http://localhost:89/order/positions?product_id=1&model_type=1][::1][100178][-][info][yii\web\Session::open] Session started
    in C:\code\xinghaocaifu\common\components\Session.php:59
    in C:\code\xinghaocaifu\common\functions\Yii_func.php:16
    in C:\code\xinghaocaifu\home\controllers\OrderController.php:786
2019-08-21 11:03:27 [GET][http://localhost:89/order/positions?product_id=1&model_type=1][::1][100178][-][info][yii\db\Command::query] SHOW FULL COLUMNS FROM `user`
    in C:\code\xinghaocaifu\common\components\Identity.php:84
    in C:\code\xinghaocaifu\common\functions\Yii_func.php:16
    in C:\code\xinghaocaifu\home\controllers\OrderController.php:786
2019-08-21 11:03:27 [GET][http://localhost:89/order/positions?product_id=1&model_type=1][::1][100178][-][info][yii\db\Connection::open] Opening DB connection: mysql:host=localhost;dbname=xinghao
    in C:\code\xinghaocaifu\common\components\Identity.php:84
    in C:\code\xinghaocaifu\common\functions\Yii_func.php:16
    in C:\code\xinghaocaifu\home\controllers\OrderController.php:786
2019-08-21 11:03:28 [GET][http://localhost:89/order/positions?product_id=1&model_type=1][::1][100178][-][info][yii\db\Command::query] SELECT
    kcu.constraint_name,
    kcu.column_name,
    kcu.referenced_table_name,
    kcu.referenced_column_name
FROM information_schema.referential_constraints AS rc
JOIN information_schema.key_column_usage AS kcu ON
    (
        kcu.constraint_catalog = rc.constraint_catalog OR
        (kcu.constraint_catalog IS NULL AND rc.constraint_catalog IS NULL)
    ) AND
    kcu.constraint_schema = rc.constraint_schema AND
    kcu.constraint_name = rc.constraint_name
WHERE rc.constraint_schema = database() AND kcu.table_schema = database()
AND rc.table_name = 'user' AND kcu.table_name = 'user'
    in C:\code\xinghaocaifu\common\components\Identity.php:84
    in C:\code\xinghaocaifu\common\functions\Yii_func.php:16
    in C:\code\xinghaocaifu\home\controllers\OrderController.php:786
2019-08-21 11:03:28 [GET][http://localhost:89/order/positions?product_id=1&model_type=1][::1][100178][-][info][yii\db\Command::query] SELECT * FROM `user` WHERE `id`=100178
    in C:\code\xinghaocaifu\common\components\Identity.php:84
    in C:\code\xinghaocaifu\common\functions\Yii_func.php:16
    in C:\code\xinghaocaifu\home\controllers\OrderController.php:786
2019-08-21 11:03:28 [GET][http://localhost:89/order/positions?product_id=1&model_type=1][::1][100178][-][info][yii\db\Command::query] select count(o.id) as count,a.symbol from `order` o INNER JOIN product p on p.id = o.product_id 
             INNER JOIN data_all a on a.name = p.table_name where o.user_id =100178 and o.order_state = 1 and o.model_type = 1 group by a.symbol
    in C:\code\xinghaocaifu\home\controllers\OrderController.php:788
2019-08-21 11:03:28 [GET][http://localhost:89/order/positions?product_id=1&model_type=1][::1][100178][-][info][yii\db\Command::query] select id from `order` where user_id=100178 and order_state=1 and product_id=1 and model_type = 1
    in C:\code\xinghaocaifu\home\controllers\OrderController.php:793
2019-08-21 11:03:27 [GET][http://localhost:89/site/get-data?symbol=NECLV0][::1][100178][-][trace][yii\base\Module::getModule] Loading module: wizard
2019-08-21 11:03:27 [GET][http://localhost:89/site/get-data?symbol=NECLV0][::1][100178][-][trace][yii\base\Application::bootstrap] Bootstrap with common\modules\wizard\Module::bootstrap()
2019-08-21 11:03:27 [GET][http://localhost:89/site/get-data?symbol=NECLV0][::1][100178][-][trace][yii\base\Application::bootstrap] Bootstrap with yii\log\Dispatcher
2019-08-21 11:03:27 [GET][http://localhost:89/site/get-data?symbol=NECLV0][::1][100178][-][trace][yii\web\UrlManager::parseRequest] No matching URL rules. Using default URL parsing logic.
2019-08-21 11:03:27 [GET][http://localhost:89/site/get-data?symbol=NECLV0][::1][100178][-][trace][yii\web\Application::handleRequest] Route requested: 'site/get-data'
2019-08-21 11:03:27 [GET][http://localhost:89/site/get-data?symbol=NECLV0][::1][100178][-][trace][yii\base\Controller::runAction] Route to run: site/get-data
2019-08-21 11:03:27 [GET][http://localhost:89/site/get-data?symbol=NECLV0][::1][100178][-][trace][yii\base\InlineAction::runWithParams] Running action: home\controllers\SiteController::actionGetData()
2019-08-21 11:03:27 [GET][http://localhost:89/site/get-data?symbol=NECLV0][::1][100178][-][info][yii\db\Connection::open] Opening DB connection: mysql:host=localhost;dbname=xinghao
    in C:\code\xinghaocaifu\home\controllers\SiteController.php:183
2019-08-21 11:03:28 [GET][http://localhost:89/site/get-data?symbol=NECLV0][::1][100178][-][info][yii\db\Command::query] SELECT * FROM `product` `product` WHERE `identify`='NECLV0'
    in C:\code\xinghaocaifu\home\controllers\SiteController.php:183
2019-08-21 11:03:28 [GET][http://localhost:89/site/get-data?symbol=NECLV0][::1][100178][-][info][yii\web\Session::open] Session started
    in C:\code\xinghaocaifu\common\components\Session.php:59
    in C:\code\xinghaocaifu\common\functions\Yii_func.php:14
    in C:\code\xinghaocaifu\common\behaviors\ARSaveBehavior.php:47
2019-08-21 11:03:28 [GET][http://localhost:89/site/get-data?symbol=NECLV0][::1][100178][-][info][yii\db\Command::query] SHOW FULL COLUMNS FROM `user`
    in C:\code\xinghaocaifu\common\components\Identity.php:84
    in C:\code\xinghaocaifu\common\functions\Yii_func.php:14
    in C:\code\xinghaocaifu\common\behaviors\ARSaveBehavior.php:47
2019-08-21 11:03:28 [GET][http://localhost:89/site/get-data?symbol=NECLV0][::1][100178][-][info][yii\db\Command::query] SELECT
    kcu.constraint_name,
    kcu.column_name,
    kcu.referenced_table_name,
    kcu.referenced_column_name
FROM information_schema.referential_constraints AS rc
JOIN information_schema.key_column_usage AS kcu ON
    (
        kcu.constraint_catalog = rc.constraint_catalog OR
        (kcu.constraint_catalog IS NULL AND rc.constraint_catalog IS NULL)
    ) AND
    kcu.constraint_schema = rc.constraint_schema AND
    kcu.constraint_name = rc.constraint_name
WHERE rc.constraint_schema = database() AND kcu.table_schema = database()
AND rc.table_name = 'user' AND kcu.table_name = 'user'
    in C:\code\xinghaocaifu\common\components\Identity.php:84
    in C:\code\xinghaocaifu\common\functions\Yii_func.php:14
    in C:\code\xinghaocaifu\common\behaviors\ARSaveBehavior.php:47
2019-08-21 11:03:28 [GET][http://localhost:89/site/get-data?symbol=NECLV0][::1][100178][-][info][yii\db\Command::query] SELECT * FROM `user` WHERE `id`=100178
    in C:\code\xinghaocaifu\common\components\Identity.php:84
    in C:\code\xinghaocaifu\common\functions\Yii_func.php:14
    in C:\code\xinghaocaifu\common\behaviors\ARSaveBehavior.php:47
2019-08-21 11:03:28 [GET][http://localhost:89/site/get-data?symbol=NECLV0][::1][100178][-][info][yii\db\Command::query] SHOW FULL COLUMNS FROM `product`
    in C:\code\xinghaocaifu\home\controllers\SiteController.php:183
2019-08-21 11:03:28 [GET][http://localhost:89/site/get-data?symbol=NECLV0][::1][100178][-][info][yii\db\Command::query] SELECT
    kcu.constraint_name,
    kcu.column_name,
    kcu.referenced_table_name,
    kcu.referenced_column_name
FROM information_schema.referential_constraints AS rc
JOIN information_schema.key_column_usage AS kcu ON
    (
        kcu.constraint_catalog = rc.constraint_catalog OR
        (kcu.constraint_catalog IS NULL AND rc.constraint_catalog IS NULL)
    ) AND
    kcu.constraint_schema = rc.constraint_schema AND
    kcu.constraint_name = rc.constraint_name
WHERE rc.constraint_schema = database() AND kcu.table_schema = database()
AND rc.table_name = 'product' AND kcu.table_name = 'product'
    in C:\code\xinghaocaifu\home\controllers\SiteController.php:183
2019-08-21 11:03:28 [GET][http://localhost:89/site/get-data?symbol=NECLV0][::1][100178][-][info][yii\db\Command::query] SELECT
            id,
            price,
            Low,
            High,
            Open,
            Volume,
            Amount,
            Close,
            time
        FROM
            data_cl
        ORDER BY
            id DESC
        LIMIT 300
    in C:\code\xinghaocaifu\home\controllers\SiteController.php:200
2019-08-21 11:03:28 [GET][http://localhost:89/site/get-data?symbol=NECLV0][::1][100178][-][info][yii\db\Command::query] SELECT
            time
        FROM
            data_cl
        ORDER BY
            id DESC
        LIMIT 1
    in C:\code\xinghaocaifu\home\controllers\SiteController.php:208
